<?xml version="1.0" encoding="UTF-8"?>
<testng-results ignored="0" total="36" passed="36" failed="0" skipped="0">
  <reporter-output>
  </reporter-output>
  <suite started-at="2021-10-31T20:33:55 MSK" name="hw1-sum-sub-suite" finished-at="2021-10-31T20:33:55 MSK" duration-ms="52">
    <groups>
    </groups>
    <test started-at="2021-10-31T20:33:55 MSK" name="hw1-sum-sub-suite" finished-at="2021-10-31T20:33:55 MSK" duration-ms="52">
      <class name="hw1.SubTest">
        <test-method signature="subDoubleTest(double, double)[pri:0, instance:hw1.SubTest@71c8becc]" started-at="2021-10-31T20:33:55 MSK" name="subDoubleTest" data-provider="doubleNumbers" finished-at="2021-10-31T20:33:55 MSK" duration-ms="0" status="PASS">
          <params>
            <param index="0">
              <value>
                <![CDATA[7.01]]>
              </value>
            </param>
            <param index="1">
              <value>
                <![CDATA[-17.8]]>
              </value>
            </param>
          </params>
          <reporter-output>
          </reporter-output>
        </test-method> <!-- subDoubleTest -->
        <test-method is-config="true" signature="setUp()[pri:0, instance:hw1.SubTest@71c8becc]" started-at="2021-10-31T20:33:55 MSK" name="setUp" finished-at="2021-10-31T20:33:55 MSK" duration-ms="0" status="PASS">
          <reporter-output>
          </reporter-output>
        </test-method> <!-- setUp -->
        <test-method is-config="true" signature="tearDown()[pri:0, instance:hw1.SubTest@71c8becc]" started-at="2021-10-31T20:33:55 MSK" name="tearDown" finished-at="2021-10-31T20:33:55 MSK" duration-ms="0" status="PASS">
          <reporter-output>
          </reporter-output>
        </test-method> <!-- tearDown -->
        <test-method is-config="true" signature="setUp()[pri:0, instance:hw1.SubTest@71c8becc]" started-at="2021-10-31T20:33:55 MSK" name="setUp" finished-at="2021-10-31T20:33:55 MSK" duration-ms="0" status="PASS">
          <reporter-output>
          </reporter-output>
        </test-method> <!-- setUp -->
        <test-method signature="subDoubleTest(double, double)[pri:0, instance:hw1.SubTest@71c8becc]" started-at="2021-10-31T20:33:55 MSK" name="subDoubleTest" data-provider="doubleNumbers" finished-at="2021-10-31T20:33:55 MSK" duration-ms="1" status="PASS">
          <params>
            <param index="0">
              <value>
                <![CDATA[-98.2]]>
              </value>
            </param>
            <param index="1">
              <value>
                <![CDATA[-98.2]]>
              </value>
            </param>
          </params>
          <reporter-output>
          </reporter-output>
        </test-method> <!-- subDoubleTest -->
        <test-method is-config="true" signature="setUp()[pri:0, instance:hw1.SubTest@71c8becc]" started-at="2021-10-31T20:33:55 MSK" name="setUp" finished-at="2021-10-31T20:33:55 MSK" duration-ms="0" status="PASS">
          <reporter-output>
          </reporter-output>
        </test-method> <!-- setUp -->
        <test-method signature="subDoubleTest(double, double)[pri:0, instance:hw1.SubTest@71c8becc]" started-at="2021-10-31T20:33:55 MSK" name="subDoubleTest" data-provider="doubleNumbers" finished-at="2021-10-31T20:33:55 MSK" duration-ms="0" status="PASS">
          <params>
            <param index="0">
              <value>
                <![CDATA[0.01]]>
              </value>
            </param>
            <param index="1">
              <value>
                <![CDATA[0.99]]>
              </value>
            </param>
          </params>
          <reporter-output>
          </reporter-output>
        </test-method> <!-- subDoubleTest -->
        <test-method signature="subDoubleTest(double, double)[pri:0, instance:hw1.SubTest@71c8becc]" started-at="2021-10-31T20:33:55 MSK" name="subDoubleTest" data-provider="doubleNumbers" finished-at="2021-10-31T20:33:55 MSK" duration-ms="0" status="PASS">
          <params>
            <param index="0">
              <value>
                <![CDATA[128768.1]]>
              </value>
            </param>
            <param index="1">
              <value>
                <![CDATA[9812.2]]>
              </value>
            </param>
          </params>
          <reporter-output>
          </reporter-output>
        </test-method> <!-- subDoubleTest -->
        <test-method is-config="true" signature="setUp()[pri:0, instance:hw1.SubTest@71c8becc]" started-at="2021-10-31T20:33:55 MSK" name="setUp" finished-at="2021-10-31T20:33:55 MSK" duration-ms="0" status="PASS">
          <reporter-output>
          </reporter-output>
        </test-method> <!-- setUp -->
        <test-method is-config="true" signature="tearDown()[pri:0, instance:hw1.SubTest@71c8becc]" started-at="2021-10-31T20:33:55 MSK" name="tearDown" finished-at="2021-10-31T20:33:55 MSK" duration-ms="0" status="PASS">
          <reporter-output>
          </reporter-output>
        </test-method> <!-- tearDown -->
        <test-method is-config="true" signature="tearDown()[pri:0, instance:hw1.SubTest@71c8becc]" started-at="2021-10-31T20:33:55 MSK" name="tearDown" finished-at="2021-10-31T20:33:55 MSK" duration-ms="0" status="PASS">
          <reporter-output>
          </reporter-output>
        </test-method> <!-- tearDown -->
        <test-method is-config="true" signature="tearDown()[pri:0, instance:hw1.SubTest@71c8becc]" started-at="2021-10-31T20:33:55 MSK" name="tearDown" finished-at="2021-10-31T20:33:55 MSK" duration-ms="0" status="PASS">
          <reporter-output>
          </reporter-output>
        </test-method> <!-- tearDown -->
        <test-method signature="subDoubleTest(double, double)[pri:0, instance:hw1.SubTest@71c8becc]" started-at="2021-10-31T20:33:55 MSK" name="subDoubleTest" data-provider="doubleNumbers" finished-at="2021-10-31T20:33:55 MSK" duration-ms="0" status="PASS">
          <params>
            <param index="0">
              <value>
                <![CDATA[0]]>
              </value>
            </param>
            <param index="1">
              <value>
                <![CDATA[76.9]]>
              </value>
            </param>
          </params>
          <reporter-output>
          </reporter-output>
        </test-method> <!-- subDoubleTest -->
        <test-method is-config="true" signature="setUp()[pri:0, instance:hw1.SubTest@71c8becc]" started-at="2021-10-31T20:33:55 MSK" name="setUp" finished-at="2021-10-31T20:33:55 MSK" duration-ms="0" status="PASS">
          <reporter-output>
          </reporter-output>
        </test-method> <!-- setUp -->
        <test-method is-config="true" signature="tearDown()[pri:0, instance:hw1.SubTest@71c8becc]" started-at="2021-10-31T20:33:55 MSK" name="tearDown" finished-at="2021-10-31T20:33:55 MSK" duration-ms="0" status="PASS">
          <reporter-output>
          </reporter-output>
        </test-method> <!-- tearDown -->
        <test-method signature="subDoubleTest(double, double)[pri:0, instance:hw1.SubTest@71c8becc]" started-at="2021-10-31T20:33:55 MSK" name="subDoubleTest" data-provider="doubleNumbers" finished-at="2021-10-31T20:33:55 MSK" duration-ms="0" status="PASS">
          <params>
            <param index="0">
              <value>
                <![CDATA[0]]>
              </value>
            </param>
            <param index="1">
              <value>
                <![CDATA[0]]>
              </value>
            </param>
          </params>
          <reporter-output>
          </reporter-output>
        </test-method> <!-- subDoubleTest -->
        <test-method is-config="true" signature="setUp()[pri:0, instance:hw1.SubTest@71c8becc]" started-at="2021-10-31T20:33:55 MSK" name="setUp" finished-at="2021-10-31T20:33:55 MSK" duration-ms="0" status="PASS">
          <reporter-output>
          </reporter-output>
        </test-method> <!-- setUp -->
        <test-method is-config="true" signature="tearDown()[pri:0, instance:hw1.SubTest@71c8becc]" started-at="2021-10-31T20:33:55 MSK" name="tearDown" finished-at="2021-10-31T20:33:55 MSK" duration-ms="0" status="PASS">
          <reporter-output>
          </reporter-output>
        </test-method> <!-- tearDown -->
        <test-method signature="subDoubleTest(double, double)[pri:0, instance:hw1.SubTest@71c8becc]" started-at="2021-10-31T20:33:55 MSK" name="subDoubleTest" data-provider="doubleNumbers" finished-at="2021-10-31T20:33:55 MSK" duration-ms="0" status="PASS">
          <params>
            <param index="0">
              <value>
                <![CDATA[-3.4]]>
              </value>
            </param>
            <param index="1">
              <value>
                <![CDATA[3.4]]>
              </value>
            </param>
          </params>
          <reporter-output>
          </reporter-output>
        </test-method> <!-- subDoubleTest -->
        <test-method is-config="true" signature="tearDown()[pri:0, instance:hw1.SubTest@71c8becc]" started-at="2021-10-31T20:33:55 MSK" name="tearDown" finished-at="2021-10-31T20:33:55 MSK" duration-ms="0" status="PASS">
          <reporter-output>
          </reporter-output>
        </test-method> <!-- tearDown -->
        <test-method is-config="true" signature="tearDown()[pri:0, instance:hw1.SubTest@71c8becc]" started-at="2021-10-31T20:33:55 MSK" name="tearDown" finished-at="2021-10-31T20:33:55 MSK" duration-ms="0" status="PASS">
          <reporter-output>
          </reporter-output>
        </test-method> <!-- tearDown -->
        <test-method signature="subDoubleTest(double, double)[pri:0, instance:hw1.SubTest@71c8becc]" started-at="2021-10-31T20:33:55 MSK" name="subDoubleTest" data-provider="doubleNumbers" finished-at="2021-10-31T20:33:55 MSK" duration-ms="0" status="PASS">
          <params>
            <param index="0">
              <value>
                <![CDATA[6.99]]>
              </value>
            </param>
            <param index="1">
              <value>
                <![CDATA[0]]>
              </value>
            </param>
          </params>
          <reporter-output>
          </reporter-output>
        </test-method> <!-- subDoubleTest -->
        <test-method is-config="true" signature="setUp()[pri:0, instance:hw1.SubTest@71c8becc]" started-at="2021-10-31T20:33:55 MSK" name="setUp" finished-at="2021-10-31T20:33:55 MSK" duration-ms="0" status="PASS">
          <reporter-output>
          </reporter-output>
        </test-method> <!-- setUp -->
        <test-method is-config="true" signature="setUp()[pri:0, instance:hw1.SubTest@71c8becc]" started-at="2021-10-31T20:33:55 MSK" name="setUp" finished-at="2021-10-31T20:33:55 MSK" duration-ms="0" status="PASS">
          <reporter-output>
          </reporter-output>
        </test-method> <!-- setUp -->
        <test-method is-config="true" signature="setUp()[pri:0, instance:hw1.SubTest@71c8becc]" started-at="2021-10-31T20:33:55 MSK" name="setUp" finished-at="2021-10-31T20:33:55 MSK" duration-ms="0" status="PASS">
          <reporter-output>
          </reporter-output>
        </test-method> <!-- setUp -->
        <test-method signature="subLongTest(double, double)[pri:0, instance:hw1.SubTest@71c8becc]" started-at="2021-10-31T20:33:55 MSK" name="subLongTest" data-provider="longNumbers" finished-at="2021-10-31T20:33:55 MSK" duration-ms="0" status="PASS">
          <params>
            <param index="0">
              <value>
                <![CDATA[7]]>
              </value>
            </param>
            <param index="1">
              <value>
                <![CDATA[-17]]>
              </value>
            </param>
          </params>
          <reporter-output>
          </reporter-output>
        </test-method> <!-- subLongTest -->
        <test-method signature="subDoubleTest(double, double)[pri:0, instance:hw1.SubTest@71c8becc]" started-at="2021-10-31T20:33:55 MSK" name="subDoubleTest" data-provider="doubleNumbers" finished-at="2021-10-31T20:33:55 MSK" duration-ms="0" status="PASS">
          <params>
            <param index="0">
              <value>
                <![CDATA[4.9E-324]]>
              </value>
            </param>
            <param index="1">
              <value>
                <![CDATA[1.7976931348623157E308]]>
              </value>
            </param>
          </params>
          <reporter-output>
          </reporter-output>
        </test-method> <!-- subDoubleTest -->
        <test-method is-config="true" signature="tearDown()[pri:0, instance:hw1.SubTest@71c8becc]" started-at="2021-10-31T20:33:55 MSK" name="tearDown" finished-at="2021-10-31T20:33:55 MSK" duration-ms="0" status="PASS">
          <reporter-output>
          </reporter-output>
        </test-method> <!-- tearDown -->
        <test-method is-config="true" signature="setUp()[pri:0, instance:hw1.SubTest@71c8becc]" started-at="2021-10-31T20:33:55 MSK" name="setUp" finished-at="2021-10-31T20:33:55 MSK" duration-ms="0" status="PASS">
          <reporter-output>
          </reporter-output>
        </test-method> <!-- setUp -->
        <test-method is-config="true" signature="tearDown()[pri:0, instance:hw1.SubTest@71c8becc]" started-at="2021-10-31T20:33:55 MSK" name="tearDown" finished-at="2021-10-31T20:33:55 MSK" duration-ms="0" status="PASS">
          <reporter-output>
          </reporter-output>
        </test-method> <!-- tearDown -->
        <test-method is-config="true" signature="setUp()[pri:0, instance:hw1.SubTest@71c8becc]" started-at="2021-10-31T20:33:55 MSK" name="setUp" finished-at="2021-10-31T20:33:55 MSK" duration-ms="0" status="PASS">
          <reporter-output>
          </reporter-output>
        </test-method> <!-- setUp -->
        <test-method is-config="true" signature="tearDown()[pri:0, instance:hw1.SubTest@71c8becc]" started-at="2021-10-31T20:33:55 MSK" name="tearDown" finished-at="2021-10-31T20:33:55 MSK" duration-ms="0" status="PASS">
          <reporter-output>
          </reporter-output>
        </test-method> <!-- tearDown -->
        <test-method is-config="true" signature="tearDown()[pri:0, instance:hw1.SubTest@71c8becc]" started-at="2021-10-31T20:33:55 MSK" name="tearDown" finished-at="2021-10-31T20:33:55 MSK" duration-ms="0" status="PASS">
          <reporter-output>
          </reporter-output>
        </test-method> <!-- tearDown -->
        <test-method signature="subLongTest(double, double)[pri:0, instance:hw1.SubTest@71c8becc]" started-at="2021-10-31T20:33:55 MSK" name="subLongTest" data-provider="longNumbers" finished-at="2021-10-31T20:33:55 MSK" duration-ms="0" status="PASS">
          <params>
            <param index="0">
              <value>
                <![CDATA[-98]]>
              </value>
            </param>
            <param index="1">
              <value>
                <![CDATA[-98]]>
              </value>
            </param>
          </params>
          <reporter-output>
          </reporter-output>
        </test-method> <!-- subLongTest -->
        <test-method signature="subLongTest(double, double)[pri:0, instance:hw1.SubTest@71c8becc]" started-at="2021-10-31T20:33:55 MSK" name="subLongTest" data-provider="longNumbers" finished-at="2021-10-31T20:33:55 MSK" duration-ms="0" status="PASS">
          <params>
            <param index="0">
              <value>
                <![CDATA[128768]]>
              </value>
            </param>
            <param index="1">
              <value>
                <![CDATA[9812]]>
              </value>
            </param>
          </params>
          <reporter-output>
          </reporter-output>
        </test-method> <!-- subLongTest -->
        <test-method is-config="true" signature="setUp()[pri:0, instance:hw1.SubTest@71c8becc]" started-at="2021-10-31T20:33:55 MSK" name="setUp" finished-at="2021-10-31T20:33:55 MSK" duration-ms="0" status="PASS">
          <reporter-output>
          </reporter-output>
        </test-method> <!-- setUp -->
        <test-method signature="subLongTest(double, double)[pri:0, instance:hw1.SubTest@71c8becc]" started-at="2021-10-31T20:33:55 MSK" name="subLongTest" data-provider="longNumbers" finished-at="2021-10-31T20:33:55 MSK" duration-ms="0" status="PASS">
          <params>
            <param index="0">
              <value>
                <![CDATA[0]]>
              </value>
            </param>
            <param index="1">
              <value>
                <![CDATA[0]]>
              </value>
            </param>
          </params>
          <reporter-output>
          </reporter-output>
        </test-method> <!-- subLongTest -->
        <test-method is-config="true" signature="setUp()[pri:0, instance:hw1.SubTest@71c8becc]" started-at="2021-10-31T20:33:55 MSK" name="setUp" finished-at="2021-10-31T20:33:55 MSK" duration-ms="0" status="PASS">
          <reporter-output>
          </reporter-output>
        </test-method> <!-- setUp -->
        <test-method is-config="true" signature="tearDown()[pri:0, instance:hw1.SubTest@71c8becc]" started-at="2021-10-31T20:33:55 MSK" name="tearDown" finished-at="2021-10-31T20:33:55 MSK" duration-ms="0" status="PASS">
          <reporter-output>
          </reporter-output>
        </test-method> <!-- tearDown -->
        <test-method is-config="true" signature="setUp()[pri:0, instance:hw1.SubTest@71c8becc]" started-at="2021-10-31T20:33:55 MSK" name="setUp" finished-at="2021-10-31T20:33:55 MSK" duration-ms="0" status="PASS">
          <reporter-output>
          </reporter-output>
        </test-method> <!-- setUp -->
        <test-method is-config="true" signature="setUp()[pri:0, instance:hw1.SubTest@71c8becc]" started-at="2021-10-31T20:33:55 MSK" name="setUp" finished-at="2021-10-31T20:33:55 MSK" duration-ms="0" status="PASS">
          <reporter-output>
          </reporter-output>
        </test-method> <!-- setUp -->
        <test-method is-config="true" signature="tearDown()[pri:0, instance:hw1.SubTest@71c8becc]" started-at="2021-10-31T20:33:55 MSK" name="tearDown" finished-at="2021-10-31T20:33:55 MSK" duration-ms="0" status="PASS">
          <reporter-output>
          </reporter-output>
        </test-method> <!-- tearDown -->
        <test-method is-config="true" signature="setUp()[pri:0, instance:hw1.SubTest@71c8becc]" started-at="2021-10-31T20:33:55 MSK" name="setUp" finished-at="2021-10-31T20:33:55 MSK" duration-ms="0" status="PASS">
          <reporter-output>
          </reporter-output>
        </test-method> <!-- setUp -->
        <test-method is-config="true" signature="tearDown()[pri:0, instance:hw1.SubTest@71c8becc]" started-at="2021-10-31T20:33:55 MSK" name="tearDown" finished-at="2021-10-31T20:33:55 MSK" duration-ms="0" status="PASS">
          <reporter-output>
          </reporter-output>
        </test-method> <!-- tearDown -->
        <test-method signature="subLongTest(double, double)[pri:0, instance:hw1.SubTest@71c8becc]" started-at="2021-10-31T20:33:55 MSK" name="subLongTest" data-provider="longNumbers" finished-at="2021-10-31T20:33:55 MSK" duration-ms="0" status="PASS">
          <params>
            <param index="0">
              <value>
                <![CDATA[6]]>
              </value>
            </param>
            <param index="1">
              <value>
                <![CDATA[0]]>
              </value>
            </param>
          </params>
          <reporter-output>
          </reporter-output>
        </test-method> <!-- subLongTest -->
        <test-method signature="subLongTest(double, double)[pri:0, instance:hw1.SubTest@71c8becc]" started-at="2021-10-31T20:33:55 MSK" name="subLongTest" data-provider="longNumbers" finished-at="2021-10-31T20:33:55 MSK" duration-ms="0" status="PASS">
          <params>
            <param index="0">
              <value>
                <![CDATA[0]]>
              </value>
            </param>
            <param index="1">
              <value>
                <![CDATA[0]]>
              </value>
            </param>
          </params>
          <reporter-output>
          </reporter-output>
        </test-method> <!-- subLongTest -->
        <test-method is-config="true" signature="tearDown()[pri:0, instance:hw1.SubTest@71c8becc]" started-at="2021-10-31T20:33:55 MSK" name="tearDown" finished-at="2021-10-31T20:33:55 MSK" duration-ms="0" status="PASS">
          <reporter-output>
          </reporter-output>
        </test-method> <!-- tearDown -->
        <test-method signature="subLongTest(double, double)[pri:0, instance:hw1.SubTest@71c8becc]" started-at="2021-10-31T20:33:55 MSK" name="subLongTest" data-provider="longNumbers" finished-at="2021-10-31T20:33:55 MSK" duration-ms="0" status="PASS">
          <params>
            <param index="0">
              <value>
                <![CDATA[0]]>
              </value>
            </param>
            <param index="1">
              <value>
                <![CDATA[76]]>
              </value>
            </param>
          </params>
          <reporter-output>
          </reporter-output>
        </test-method> <!-- subLongTest -->
        <test-method is-config="true" signature="tearDown()[pri:0, instance:hw1.SubTest@71c8becc]" started-at="2021-10-31T20:33:55 MSK" name="tearDown" finished-at="2021-10-31T20:33:55 MSK" duration-ms="0" status="PASS">
          <reporter-output>
          </reporter-output>
        </test-method> <!-- tearDown -->
        <test-method is-config="true" signature="setUp()[pri:0, instance:hw1.SubTest@71c8becc]" started-at="2021-10-31T20:33:55 MSK" name="setUp" finished-at="2021-10-31T20:33:55 MSK" duration-ms="0" status="PASS">
          <reporter-output>
          </reporter-output>
        </test-method> <!-- setUp -->
        <test-method is-config="true" signature="tearDown()[pri:0, instance:hw1.SubTest@71c8becc]" started-at="2021-10-31T20:33:55 MSK" name="tearDown" finished-at="2021-10-31T20:33:55 MSK" duration-ms="0" status="PASS">
          <reporter-output>
          </reporter-output>
        </test-method> <!-- tearDown -->
        <test-method is-config="true" signature="setUp()[pri:0, instance:hw1.SubTest@71c8becc]" started-at="2021-10-31T20:33:55 MSK" name="setUp" finished-at="2021-10-31T20:33:55 MSK" duration-ms="0" status="PASS">
          <reporter-output>
          </reporter-output>
        </test-method> <!-- setUp -->
        <test-method signature="subLongTest(double, double)[pri:0, instance:hw1.SubTest@71c8becc]" started-at="2021-10-31T20:33:55 MSK" name="subLongTest" data-provider="longNumbers" finished-at="2021-10-31T20:33:55 MSK" duration-ms="0" status="PASS">
          <params>
            <param index="0">
              <value>
                <![CDATA[-3]]>
              </value>
            </param>
            <param index="1">
              <value>
                <![CDATA[3]]>
              </value>
            </param>
          </params>
          <reporter-output>
          </reporter-output>
        </test-method> <!-- subLongTest -->
        <test-method signature="subLongTest(double, double)[pri:0, instance:hw1.SubTest@71c8becc]" started-at="2021-10-31T20:33:55 MSK" name="subLongTest" data-provider="longNumbers" finished-at="2021-10-31T20:33:55 MSK" duration-ms="0" status="PASS">
          <params>
            <param index="0">
              <value>
                <![CDATA[-9223372036854775808]]>
              </value>
            </param>
            <param index="1">
              <value>
                <![CDATA[9223372036854775807]]>
              </value>
            </param>
          </params>
          <reporter-output>
          </reporter-output>
        </test-method> <!-- subLongTest -->
      </class> <!-- hw1.SubTest -->
      <class name="hw1.SumTest">
        <test-method is-config="true" signature="setUp()[pri:0, instance:hw1.SumTest@5e4c8041]" started-at="2021-10-31T20:33:55 MSK" name="setUp" finished-at="2021-10-31T20:33:55 MSK" duration-ms="2" status="PASS">
          <reporter-output>
          </reporter-output>
        </test-method> <!-- setUp -->
        <test-method signature="sumDoubleTest(double, double)[pri:0, instance:hw1.SumTest@5e4c8041]" started-at="2021-10-31T20:33:55 MSK" name="sumDoubleTest" data-provider="doubleNumbers" finished-at="2021-10-31T20:33:55 MSK" duration-ms="1" status="PASS">
          <params>
            <param index="0">
              <value>
                <![CDATA[7.01]]>
              </value>
            </param>
            <param index="1">
              <value>
                <![CDATA[-17.8]]>
              </value>
            </param>
          </params>
          <reporter-output>
          </reporter-output>
        </test-method> <!-- sumDoubleTest -->
        <test-method is-config="true" signature="tearDown()[pri:0, instance:hw1.SumTest@5e4c8041]" started-at="2021-10-31T20:33:55 MSK" name="tearDown" finished-at="2021-10-31T20:33:55 MSK" duration-ms="1" status="PASS">
          <reporter-output>
          </reporter-output>
        </test-method> <!-- tearDown -->
        <test-method is-config="true" signature="setUp()[pri:0, instance:hw1.SumTest@5e4c8041]" started-at="2021-10-31T20:33:55 MSK" name="setUp" finished-at="2021-10-31T20:33:55 MSK" duration-ms="0" status="PASS">
          <reporter-output>
          </reporter-output>
        </test-method> <!-- setUp -->
        <test-method is-config="true" signature="tearDown()[pri:0, instance:hw1.SumTest@5e4c8041]" started-at="2021-10-31T20:33:55 MSK" name="tearDown" finished-at="2021-10-31T20:33:55 MSK" duration-ms="0" status="PASS">
          <reporter-output>
          </reporter-output>
        </test-method> <!-- tearDown -->
        <test-method signature="sumDoubleTest(double, double)[pri:0, instance:hw1.SumTest@5e4c8041]" started-at="2021-10-31T20:33:55 MSK" name="sumDoubleTest" data-provider="doubleNumbers" finished-at="2021-10-31T20:33:55 MSK" duration-ms="0" status="PASS">
          <params>
            <param index="0">
              <value>
                <![CDATA[0.01]]>
              </value>
            </param>
            <param index="1">
              <value>
                <![CDATA[0.99]]>
              </value>
            </param>
          </params>
          <reporter-output>
          </reporter-output>
        </test-method> <!-- sumDoubleTest -->
        <test-method signature="sumDoubleTest(double, double)[pri:0, instance:hw1.SumTest@5e4c8041]" started-at="2021-10-31T20:33:55 MSK" name="sumDoubleTest" data-provider="doubleNumbers" finished-at="2021-10-31T20:33:55 MSK" duration-ms="0" status="PASS">
          <params>
            <param index="0">
              <value>
                <![CDATA[-98.2]]>
              </value>
            </param>
            <param index="1">
              <value>
                <![CDATA[-98.2]]>
              </value>
            </param>
          </params>
          <reporter-output>
          </reporter-output>
        </test-method> <!-- sumDoubleTest -->
        <test-method is-config="true" signature="setUp()[pri:0, instance:hw1.SumTest@5e4c8041]" started-at="2021-10-31T20:33:55 MSK" name="setUp" finished-at="2021-10-31T20:33:55 MSK" duration-ms="0" status="PASS">
          <reporter-output>
          </reporter-output>
        </test-method> <!-- setUp -->
        <test-method is-config="true" signature="tearDown()[pri:0, instance:hw1.SumTest@5e4c8041]" started-at="2021-10-31T20:33:55 MSK" name="tearDown" finished-at="2021-10-31T20:33:55 MSK" duration-ms="1" status="PASS">
          <reporter-output>
          </reporter-output>
        </test-method> <!-- tearDown -->
        <test-method signature="sumDoubleTest(double, double)[pri:0, instance:hw1.SumTest@5e4c8041]" started-at="2021-10-31T20:33:55 MSK" name="sumDoubleTest" data-provider="doubleNumbers" finished-at="2021-10-31T20:33:55 MSK" duration-ms="0" status="PASS">
          <params>
            <param index="0">
              <value>
                <![CDATA[128768.1]]>
              </value>
            </param>
            <param index="1">
              <value>
                <![CDATA[9812.2]]>
              </value>
            </param>
          </params>
          <reporter-output>
          </reporter-output>
        </test-method> <!-- sumDoubleTest -->
        <test-method is-config="true" signature="setUp()[pri:0, instance:hw1.SumTest@5e4c8041]" started-at="2021-10-31T20:33:55 MSK" name="setUp" finished-at="2021-10-31T20:33:55 MSK" duration-ms="0" status="PASS">
          <reporter-output>
          </reporter-output>
        </test-method> <!-- setUp -->
        <test-method is-config="true" signature="tearDown()[pri:0, instance:hw1.SumTest@5e4c8041]" started-at="2021-10-31T20:33:55 MSK" name="tearDown" finished-at="2021-10-31T20:33:55 MSK" duration-ms="0" status="PASS">
          <reporter-output>
          </reporter-output>
        </test-method> <!-- tearDown -->
        <test-method is-config="true" signature="tearDown()[pri:0, instance:hw1.SumTest@5e4c8041]" started-at="2021-10-31T20:33:55 MSK" name="tearDown" finished-at="2021-10-31T20:33:55 MSK" duration-ms="0" status="PASS">
          <reporter-output>
          </reporter-output>
        </test-method> <!-- tearDown -->
        <test-method signature="sumDoubleTest(double, double)[pri:0, instance:hw1.SumTest@5e4c8041]" started-at="2021-10-31T20:33:55 MSK" name="sumDoubleTest" data-provider="doubleNumbers" finished-at="2021-10-31T20:33:55 MSK" duration-ms="0" status="PASS">
          <params>
            <param index="0">
              <value>
                <![CDATA[0]]>
              </value>
            </param>
            <param index="1">
              <value>
                <![CDATA[76.9]]>
              </value>
            </param>
          </params>
          <reporter-output>
          </reporter-output>
        </test-method> <!-- sumDoubleTest -->
        <test-method signature="sumDoubleTest(double, double)[pri:0, instance:hw1.SumTest@5e4c8041]" started-at="2021-10-31T20:33:55 MSK" name="sumDoubleTest" data-provider="doubleNumbers" finished-at="2021-10-31T20:33:55 MSK" duration-ms="0" status="PASS">
          <params>
            <param index="0">
              <value>
                <![CDATA[0]]>
              </value>
            </param>
            <param index="1">
              <value>
                <![CDATA[0]]>
              </value>
            </param>
          </params>
          <reporter-output>
          </reporter-output>
        </test-method> <!-- sumDoubleTest -->
        <test-method is-config="true" signature="setUp()[pri:0, instance:hw1.SumTest@5e4c8041]" started-at="2021-10-31T20:33:55 MSK" name="setUp" finished-at="2021-10-31T20:33:55 MSK" duration-ms="0" status="PASS">
          <reporter-output>
          </reporter-output>
        </test-method> <!-- setUp -->
        <test-method is-config="true" signature="tearDown()[pri:0, instance:hw1.SumTest@5e4c8041]" started-at="2021-10-31T20:33:55 MSK" name="tearDown" finished-at="2021-10-31T20:33:55 MSK" duration-ms="0" status="PASS">
          <reporter-output>
          </reporter-output>
        </test-method> <!-- tearDown -->
        <test-method is-config="true" signature="setUp()[pri:0, instance:hw1.SumTest@5e4c8041]" started-at="2021-10-31T20:33:55 MSK" name="setUp" finished-at="2021-10-31T20:33:55 MSK" duration-ms="0" status="PASS">
          <reporter-output>
          </reporter-output>
        </test-method> <!-- setUp -->
        <test-method is-config="true" signature="setUp()[pri:0, instance:hw1.SumTest@5e4c8041]" started-at="2021-10-31T20:33:55 MSK" name="setUp" finished-at="2021-10-31T20:33:55 MSK" duration-ms="0" status="PASS">
          <reporter-output>
          </reporter-output>
        </test-method> <!-- setUp -->
        <test-method is-config="true" signature="tearDown()[pri:0, instance:hw1.SumTest@5e4c8041]" started-at="2021-10-31T20:33:55 MSK" name="tearDown" finished-at="2021-10-31T20:33:55 MSK" duration-ms="0" status="PASS">
          <reporter-output>
          </reporter-output>
        </test-method> <!-- tearDown -->
        <test-method signature="sumDoubleTest(double, double)[pri:0, instance:hw1.SumTest@5e4c8041]" started-at="2021-10-31T20:33:55 MSK" name="sumDoubleTest" data-provider="doubleNumbers" finished-at="2021-10-31T20:33:55 MSK" duration-ms="0" status="PASS">
          <params>
            <param index="0">
              <value>
                <![CDATA[-3.4]]>
              </value>
            </param>
            <param index="1">
              <value>
                <![CDATA[3.4]]>
              </value>
            </param>
          </params>
          <reporter-output>
          </reporter-output>
        </test-method> <!-- sumDoubleTest -->
        <test-method signature="sumDoubleTest(double, double)[pri:0, instance:hw1.SumTest@5e4c8041]" started-at="2021-10-31T20:33:55 MSK" name="sumDoubleTest" data-provider="doubleNumbers" finished-at="2021-10-31T20:33:55 MSK" duration-ms="0" status="PASS">
          <params>
            <param index="0">
              <value>
                <![CDATA[6.99]]>
              </value>
            </param>
            <param index="1">
              <value>
                <![CDATA[0]]>
              </value>
            </param>
          </params>
          <reporter-output>
          </reporter-output>
        </test-method> <!-- sumDoubleTest -->
        <test-method is-config="true" signature="setUp()[pri:0, instance:hw1.SumTest@5e4c8041]" started-at="2021-10-31T20:33:55 MSK" name="setUp" finished-at="2021-10-31T20:33:55 MSK" duration-ms="0" status="PASS">
          <reporter-output>
          </reporter-output>
        </test-method> <!-- setUp -->
        <test-method is-config="true" signature="setUp()[pri:0, instance:hw1.SumTest@5e4c8041]" started-at="2021-10-31T20:33:55 MSK" name="setUp" finished-at="2021-10-31T20:33:55 MSK" duration-ms="0" status="PASS">
          <reporter-output>
          </reporter-output>
        </test-method> <!-- setUp -->
        <test-method is-config="true" signature="tearDown()[pri:0, instance:hw1.SumTest@5e4c8041]" started-at="2021-10-31T20:33:55 MSK" name="tearDown" finished-at="2021-10-31T20:33:55 MSK" duration-ms="0" status="PASS">
          <reporter-output>
          </reporter-output>
        </test-method> <!-- tearDown -->
        <test-method signature="sumDoubleTest(double, double)[pri:0, instance:hw1.SumTest@5e4c8041]" started-at="2021-10-31T20:33:55 MSK" name="sumDoubleTest" data-provider="doubleNumbers" finished-at="2021-10-31T20:33:55 MSK" duration-ms="0" status="PASS">
          <params>
            <param index="0">
              <value>
                <![CDATA[4.9E-324]]>
              </value>
            </param>
            <param index="1">
              <value>
                <![CDATA[1.7976931348623157E308]]>
              </value>
            </param>
          </params>
          <reporter-output>
          </reporter-output>
        </test-method> <!-- sumDoubleTest -->
        <test-method is-config="true" signature="tearDown()[pri:0, instance:hw1.SumTest@5e4c8041]" started-at="2021-10-31T20:33:55 MSK" name="tearDown" finished-at="2021-10-31T20:33:55 MSK" duration-ms="0" status="PASS">
          <reporter-output>
          </reporter-output>
        </test-method> <!-- tearDown -->
        <test-method is-config="true" signature="setUp()[pri:0, instance:hw1.SumTest@5e4c8041]" started-at="2021-10-31T20:33:55 MSK" name="setUp" finished-at="2021-10-31T20:33:55 MSK" duration-ms="0" status="PASS">
          <reporter-output>
          </reporter-output>
        </test-method> <!-- setUp -->
        <test-method signature="sumLongTest(double, double)[pri:0, instance:hw1.SumTest@5e4c8041]" started-at="2021-10-31T20:33:55 MSK" name="sumLongTest" data-provider="longNumbers" finished-at="2021-10-31T20:33:55 MSK" duration-ms="1" status="PASS">
          <params>
            <param index="0">
              <value>
                <![CDATA[0]]>
              </value>
            </param>
            <param index="1">
              <value>
                <![CDATA[0]]>
              </value>
            </param>
          </params>
          <reporter-output>
          </reporter-output>
        </test-method> <!-- sumLongTest -->
        <test-method signature="sumLongTest(double, double)[pri:0, instance:hw1.SumTest@5e4c8041]" started-at="2021-10-31T20:33:55 MSK" name="sumLongTest" data-provider="longNumbers" finished-at="2021-10-31T20:33:55 MSK" duration-ms="0" status="PASS">
          <params>
            <param index="0">
              <value>
                <![CDATA[7]]>
              </value>
            </param>
            <param index="1">
              <value>
                <![CDATA[-17]]>
              </value>
            </param>
          </params>
          <reporter-output>
          </reporter-output>
        </test-method> <!-- sumLongTest -->
        <test-method is-config="true" signature="setUp()[pri:0, instance:hw1.SumTest@5e4c8041]" started-at="2021-10-31T20:33:55 MSK" name="setUp" finished-at="2021-10-31T20:33:55 MSK" duration-ms="0" status="PASS">
          <reporter-output>
          </reporter-output>
        </test-method> <!-- setUp -->
        <test-method is-config="true" signature="tearDown()[pri:0, instance:hw1.SumTest@5e4c8041]" started-at="2021-10-31T20:33:55 MSK" name="tearDown" finished-at="2021-10-31T20:33:55 MSK" duration-ms="0" status="PASS">
          <reporter-output>
          </reporter-output>
        </test-method> <!-- tearDown -->
        <test-method is-config="true" signature="tearDown()[pri:0, instance:hw1.SumTest@5e4c8041]" started-at="2021-10-31T20:33:55 MSK" name="tearDown" finished-at="2021-10-31T20:33:55 MSK" duration-ms="0" status="PASS">
          <reporter-output>
          </reporter-output>
        </test-method> <!-- tearDown -->
        <test-method signature="sumLongTest(double, double)[pri:0, instance:hw1.SumTest@5e4c8041]" started-at="2021-10-31T20:33:55 MSK" name="sumLongTest" data-provider="longNumbers" finished-at="2021-10-31T20:33:55 MSK" duration-ms="0" status="PASS">
          <params>
            <param index="0">
              <value>
                <![CDATA[128768]]>
              </value>
            </param>
            <param index="1">
              <value>
                <![CDATA[9812]]>
              </value>
            </param>
          </params>
          <reporter-output>
          </reporter-output>
        </test-method> <!-- sumLongTest -->
        <test-method is-config="true" signature="tearDown()[pri:0, instance:hw1.SumTest@5e4c8041]" started-at="2021-10-31T20:33:55 MSK" name="tearDown" finished-at="2021-10-31T20:33:55 MSK" duration-ms="0" status="PASS">
          <reporter-output>
          </reporter-output>
        </test-method> <!-- tearDown -->
        <test-method is-config="true" signature="setUp()[pri:0, instance:hw1.SumTest@5e4c8041]" started-at="2021-10-31T20:33:55 MSK" name="setUp" finished-at="2021-10-31T20:33:55 MSK" duration-ms="0" status="PASS">
          <reporter-output>
          </reporter-output>
        </test-method> <!-- setUp -->
        <test-method signature="sumLongTest(double, double)[pri:0, instance:hw1.SumTest@5e4c8041]" started-at="2021-10-31T20:33:55 MSK" name="sumLongTest" data-provider="longNumbers" finished-at="2021-10-31T20:33:55 MSK" duration-ms="0" status="PASS">
          <params>
            <param index="0">
              <value>
                <![CDATA[0]]>
              </value>
            </param>
            <param index="1">
              <value>
                <![CDATA[76]]>
              </value>
            </param>
          </params>
          <reporter-output>
          </reporter-output>
        </test-method> <!-- sumLongTest -->
        <test-method signature="sumLongTest(double, double)[pri:0, instance:hw1.SumTest@5e4c8041]" started-at="2021-10-31T20:33:55 MSK" name="sumLongTest" data-provider="longNumbers" finished-at="2021-10-31T20:33:55 MSK" duration-ms="0" status="PASS">
          <params>
            <param index="0">
              <value>
                <![CDATA[-98]]>
              </value>
            </param>
            <param index="1">
              <value>
                <![CDATA[-98]]>
              </value>
            </param>
          </params>
          <reporter-output>
          </reporter-output>
        </test-method> <!-- sumLongTest -->
        <test-method is-config="true" signature="setUp()[pri:0, instance:hw1.SumTest@5e4c8041]" started-at="2021-10-31T20:33:55 MSK" name="setUp" finished-at="2021-10-31T20:33:55 MSK" duration-ms="0" status="PASS">
          <reporter-output>
          </reporter-output>
        </test-method> <!-- setUp -->
        <test-method is-config="true" signature="setUp()[pri:0, instance:hw1.SumTest@5e4c8041]" started-at="2021-10-31T20:33:55 MSK" name="setUp" finished-at="2021-10-31T20:33:55 MSK" duration-ms="0" status="PASS">
          <reporter-output>
          </reporter-output>
        </test-method> <!-- setUp -->
        <test-method is-config="true" signature="tearDown()[pri:0, instance:hw1.SumTest@5e4c8041]" started-at="2021-10-31T20:33:55 MSK" name="tearDown" finished-at="2021-10-31T20:33:55 MSK" duration-ms="0" status="PASS">
          <reporter-output>
          </reporter-output>
        </test-method> <!-- tearDown -->
        <test-method signature="sumLongTest(double, double)[pri:0, instance:hw1.SumTest@5e4c8041]" started-at="2021-10-31T20:33:55 MSK" name="sumLongTest" data-provider="longNumbers" finished-at="2021-10-31T20:33:55 MSK" duration-ms="0" status="PASS">
          <params>
            <param index="0">
              <value>
                <![CDATA[0]]>
              </value>
            </param>
            <param index="1">
              <value>
                <![CDATA[0]]>
              </value>
            </param>
          </params>
          <reporter-output>
          </reporter-output>
        </test-method> <!-- sumLongTest -->
        <test-method is-config="true" signature="tearDown()[pri:0, instance:hw1.SumTest@5e4c8041]" started-at="2021-10-31T20:33:55 MSK" name="tearDown" finished-at="2021-10-31T20:33:55 MSK" duration-ms="0" status="PASS">
          <reporter-output>
          </reporter-output>
        </test-method> <!-- tearDown -->
        <test-method is-config="true" signature="setUp()[pri:0, instance:hw1.SumTest@5e4c8041]" started-at="2021-10-31T20:33:55 MSK" name="setUp" finished-at="2021-10-31T20:33:55 MSK" duration-ms="1" status="PASS">
          <reporter-output>
          </reporter-output>
        </test-method> <!-- setUp -->
        <test-method is-config="true" signature="setUp()[pri:0, instance:hw1.SumTest@5e4c8041]" started-at="2021-10-31T20:33:55 MSK" name="setUp" finished-at="2021-10-31T20:33:55 MSK" duration-ms="0" status="PASS">
          <reporter-output>
          </reporter-output>
        </test-method> <!-- setUp -->
        <test-method is-config="true" signature="tearDown()[pri:0, instance:hw1.SumTest@5e4c8041]" started-at="2021-10-31T20:33:55 MSK" name="tearDown" finished-at="2021-10-31T20:33:55 MSK" duration-ms="0" status="PASS">
          <reporter-output>
          </reporter-output>
        </test-method> <!-- tearDown -->
        <test-method is-config="true" signature="tearDown()[pri:0, instance:hw1.SumTest@5e4c8041]" started-at="2021-10-31T20:33:55 MSK" name="tearDown" finished-at="2021-10-31T20:33:55 MSK" duration-ms="0" status="PASS">
          <reporter-output>
          </reporter-output>
        </test-method> <!-- tearDown -->
        <test-method signature="sumLongTest(double, double)[pri:0, instance:hw1.SumTest@5e4c8041]" started-at="2021-10-31T20:33:55 MSK" name="sumLongTest" data-provider="longNumbers" finished-at="2021-10-31T20:33:55 MSK" duration-ms="0" status="PASS">
          <params>
            <param index="0">
              <value>
                <![CDATA[6]]>
              </value>
            </param>
            <param index="1">
              <value>
                <![CDATA[0]]>
              </value>
            </param>
          </params>
          <reporter-output>
          </reporter-output>
        </test-method> <!-- sumLongTest -->
        <test-method is-config="true" signature="tearDown()[pri:0, instance:hw1.SumTest@5e4c8041]" started-at="2021-10-31T20:33:55 MSK" name="tearDown" finished-at="2021-10-31T20:33:55 MSK" duration-ms="0" status="PASS">
          <reporter-output>
          </reporter-output>
        </test-method> <!-- tearDown -->
        <test-method is-config="true" signature="setUp()[pri:0, instance:hw1.SumTest@5e4c8041]" started-at="2021-10-31T20:33:55 MSK" name="setUp" finished-at="2021-10-31T20:33:55 MSK" duration-ms="0" status="PASS">
          <reporter-output>
          </reporter-output>
        </test-method> <!-- setUp -->
        <test-method is-config="true" signature="tearDown()[pri:0, instance:hw1.SumTest@5e4c8041]" started-at="2021-10-31T20:33:55 MSK" name="tearDown" finished-at="2021-10-31T20:33:55 MSK" duration-ms="0" status="PASS">
          <reporter-output>
          </reporter-output>
        </test-method> <!-- tearDown -->
        <test-method is-config="true" signature="setUp()[pri:0, instance:hw1.SumTest@5e4c8041]" started-at="2021-10-31T20:33:55 MSK" name="setUp" finished-at="2021-10-31T20:33:55 MSK" duration-ms="0" status="PASS">
          <reporter-output>
          </reporter-output>
        </test-method> <!-- setUp -->
        <test-method signature="sumLongTest(double, double)[pri:0, instance:hw1.SumTest@5e4c8041]" started-at="2021-10-31T20:33:55 MSK" name="sumLongTest" data-provider="longNumbers" finished-at="2021-10-31T20:33:55 MSK" duration-ms="0" status="PASS">
          <params>
            <param index="0">
              <value>
                <![CDATA[-9223372036854775808]]>
              </value>
            </param>
            <param index="1">
              <value>
                <![CDATA[9223372036854775807]]>
              </value>
            </param>
          </params>
          <reporter-output>
          </reporter-output>
        </test-method> <!-- sumLongTest -->
        <test-method signature="sumLongTest(double, double)[pri:0, instance:hw1.SumTest@5e4c8041]" started-at="2021-10-31T20:33:55 MSK" name="sumLongTest" data-provider="longNumbers" finished-at="2021-10-31T20:33:55 MSK" duration-ms="0" status="PASS">
          <params>
            <param index="0">
              <value>
                <![CDATA[-3]]>
              </value>
            </param>
            <param index="1">
              <value>
                <![CDATA[3]]>
              </value>
            </param>
          </params>
          <reporter-output>
          </reporter-output>
        </test-method> <!-- sumLongTest -->
      </class> <!-- hw1.SumTest -->
    </test> <!-- hw1-sum-sub-suite -->
  </suite> <!-- hw1-sum-sub-suite -->
</testng-results>
